[24-Aug-2022 14:56:53 UTC] PHP Warning:  sprintf(): Too few arguments in /home/mouhamedsonko/Local Sites/demo-wordpress/app/public/wp-admin/includes/class-bulk-upgrader-skin.php on line 156
[24-Aug-2022 14:56:53 UTC] PHP Stack trace:
[24-Aug-2022 14:56:53 UTC] PHP   1. {main}() /home/mouhamedsonko/Local Sites/demo-wordpress/app/public/wp-admin/themes.php:0
[24-Aug-2022 14:56:53 UTC] PHP   2. require_once() /home/mouhamedsonko/Local Sites/demo-wordpress/app/public/wp-admin/themes.php:10
[24-Aug-2022 14:56:53 UTC] PHP   3. do_action($hook_name = 'appearance_page_install-required-plugins') /home/mouhamedsonko/Local Sites/demo-wordpress/app/public/wp-admin/admin.php:259
[24-Aug-2022 14:56:53 UTC] PHP   4. WP_Hook->do_action($args = [0 => '']) /home/mouhamedsonko/Local Sites/demo-wordpress/app/public/wp-includes/plugin.php:476
[24-Aug-2022 14:56:53 UTC] PHP   5. WP_Hook->apply_filters($value = '', $args = [0 => '']) /home/mouhamedsonko/Local Sites/demo-wordpress/app/public/wp-includes/class-wp-hook.php:331
[24-Aug-2022 14:56:53 UTC] PHP   6. TGM_Plugin_Activation->install_plugins_page('') /home/mouhamedsonko/Local Sites/demo-wordpress/app/public/wp-includes/class-wp-hook.php:307
[24-Aug-2022 14:56:53 UTC] PHP   7. TGMPA_List_Table->process_bulk_actions() /home/mouhamedsonko/Local Sites/demo-wordpress/app/public/wp-content/themes/teta-lite/lib/includes/class-tgm-plugin-activation.php:748
[24-Aug-2022 14:56:53 UTC] PHP   8. TGMPA_Bulk_Installer->bulk_install($plugins = [0 => 'https://downloads.wordpress.org/plugin/kitestudio-core.2.3.5.zip'], $args = *uninitialized*) /home/mouhamedsonko/Local Sites/demo-wordpress/app/public/wp-content/themes/teta-lite/lib/includes/class-tgm-plugin-activation.php:3005
[24-Aug-2022 14:56:53 UTC] PHP   9. TGMPA_Bulk_Installer->run($options = ['package' => 'https://downloads.wordpress.org/plugin/kitestudio-core.2.3.5.zip', 'destination' => '/home/mouhamedsonko/Local Sites/demo-wordpress/app/public/wp-content/plugins', 'clear_destination' => FALSE, 'clear_working' => TRUE, 'is_multi' => TRUE, 'hook_extra' => ['plugin' => 'https://downloads.wordpress.org/plugin/kitestudio-core.2.3.5.zip']]) /home/mouhamedsonko/Local Sites/demo-wordpress/app/public/wp-content/themes/teta-lite/lib/includes/class-tgm-plugin-activation.php:3399
[24-Aug-2022 14:56:53 UTC] PHP  10. TGMPA_Bulk_Installer->run($options = ['package' => 'https://downloads.wordpress.org/plugin/kitestudio-core.2.3.5.zip', 'destination' => '/home/mouhamedsonko/Local Sites/demo-wordpress/app/public/wp-content/plugins', 'clear_destination' => FALSE, 'clear_working' => TRUE, 'is_multi' => TRUE, 'hook_extra' => ['plugin' => 'https://downloads.wordpress.org/plugin/kitestudio-core.2.3.5.zip']]) /home/mouhamedsonko/Local Sites/demo-wordpress/app/public/wp-content/themes/teta-lite/lib/includes/class-tgm-plugin-activation.php:3286
[24-Aug-2022 14:56:53 UTC] PHP  11. TGMPA_Bulk_Installer_Skin->after($title = *uninitialized*) /home/mouhamedsonko/Local Sites/demo-wordpress/app/public/wp-admin/includes/class-wp-upgrader.php:824
[24-Aug-2022 14:56:53 UTC] PHP  12. TGMPA_Bulk_Installer_Skin->after($title = 'Kitestudio Core') /home/mouhamedsonko/Local Sites/demo-wordpress/app/public/wp-content/themes/teta-lite/lib/includes/class-tgm-plugin-activation.php:3670
[24-Aug-2022 14:56:53 UTC] PHP  13. sprintf($format = '%1$s installed successfully. <a href="#" class="hide-if-no-js" onclick="%2$s"><span>Show Details</span><span class="hidden">Hide Details</span>.</a>', ...$args = variadic()) /home/mouhamedsonko/Local Sites/demo-wordpress/app/public/wp-admin/includes/class-bulk-upgrader-skin.php:156
[24-Aug-2022 14:57:33 UTC] PHP Warning:  sprintf(): Too few arguments in /home/mouhamedsonko/Local Sites/demo-wordpress/app/public/wp-admin/includes/class-bulk-upgrader-skin.php on line 156
[24-Aug-2022 14:57:33 UTC] PHP Stack trace:
[24-Aug-2022 14:57:33 UTC] PHP   1. {main}() /home/mouhamedsonko/Local Sites/demo-wordpress/app/public/wp-admin/themes.php:0
[24-Aug-2022 14:57:33 UTC] PHP   2. require_once() /home/mouhamedsonko/Local Sites/demo-wordpress/app/public/wp-admin/themes.php:10
[24-Aug-2022 14:57:33 UTC] PHP   3. do_action($hook_name = 'appearance_page_install-required-plugins') /home/mouhamedsonko/Local Sites/demo-wordpress/app/public/wp-admin/admin.php:259
[24-Aug-2022 14:57:33 UTC] PHP   4. WP_Hook->do_action($args = [0 => '']) /home/mouhamedsonko/Local Sites/demo-wordpress/app/public/wp-includes/plugin.php:476
[24-Aug-2022 14:57:33 UTC] PHP   5. WP_Hook->apply_filters($value = '', $args = [0 => '']) /home/mouhamedsonko/Local Sites/demo-wordpress/app/public/wp-includes/class-wp-hook.php:331
[24-Aug-2022 14:57:33 UTC] PHP   6. TGM_Plugin_Activation->install_plugins_page('') /home/mouhamedsonko/Local Sites/demo-wordpress/app/public/wp-includes/class-wp-hook.php:307
[24-Aug-2022 14:57:33 UTC] PHP   7. TGMPA_List_Table->process_bulk_actions() /home/mouhamedsonko/Local Sites/demo-wordpress/app/public/wp-content/themes/teta-lite/lib/includes/class-tgm-plugin-activation.php:748
[24-Aug-2022 14:57:33 UTC] PHP   8. TGMPA_Bulk_Installer->bulk_install($plugins = [0 => 'https://downloads.wordpress.org/plugin/wordpress-importer.0.7.zip'], $args = *uninitialized*) /home/mouhamedsonko/Local Sites/demo-wordpress/app/public/wp-content/themes/teta-lite/lib/includes/class-tgm-plugin-activation.php:3005
[24-Aug-2022 14:57:33 UTC] PHP   9. TGMPA_Bulk_Installer->run($options = ['package' => 'https://downloads.wordpress.org/plugin/wordpress-importer.0.7.zip', 'destination' => '/home/mouhamedsonko/Local Sites/demo-wordpress/app/public/wp-content/plugins', 'clear_destination' => FALSE, 'clear_working' => TRUE, 'is_multi' => TRUE, 'hook_extra' => ['plugin' => 'https://downloads.wordpress.org/plugin/wordpress-importer.0.7.zip']]) /home/mouhamedsonko/Local Sites/demo-wordpress/app/public/wp-content/themes/teta-lite/lib/includes/class-tgm-plugin-activation.php:3399
[24-Aug-2022 14:57:33 UTC] PHP  10. TGMPA_Bulk_Installer->run($options = ['package' => 'https://downloads.wordpress.org/plugin/wordpress-importer.0.7.zip', 'destination' => '/home/mouhamedsonko/Local Sites/demo-wordpress/app/public/wp-content/plugins', 'clear_destination' => FALSE, 'clear_working' => TRUE, 'is_multi' => TRUE, 'hook_extra' => ['plugin' => 'https://downloads.wordpress.org/plugin/wordpress-importer.0.7.zip']]) /home/mouhamedsonko/Local Sites/demo-wordpress/app/public/wp-content/themes/teta-lite/lib/includes/class-tgm-plugin-activation.php:3286
[24-Aug-2022 14:57:33 UTC] PHP  11. TGMPA_Bulk_Installer_Skin->after($title = *uninitialized*) /home/mouhamedsonko/Local Sites/demo-wordpress/app/public/wp-admin/includes/class-wp-upgrader.php:824
[24-Aug-2022 14:57:33 UTC] PHP  12. TGMPA_Bulk_Installer_Skin->after($title = 'Wordpress Importer') /home/mouhamedsonko/Local Sites/demo-wordpress/app/public/wp-content/themes/teta-lite/lib/includes/class-tgm-plugin-activation.php:3670
[24-Aug-2022 14:57:33 UTC] PHP  13. sprintf($format = '%1$s installed successfully. <a href="#" class="hide-if-no-js" onclick="%2$s"><span>Show Details</span><span class="hidden">Hide Details</span>.</a>', ...$args = variadic()) /home/mouhamedsonko/Local Sites/demo-wordpress/app/public/wp-admin/includes/class-bulk-upgrader-skin.php:156
[24-Aug-2022 14:57:45 UTC] PHP Warning:  sprintf(): Too few arguments in /home/mouhamedsonko/Local Sites/demo-wordpress/app/public/wp-admin/includes/class-bulk-upgrader-skin.php on line 156
[24-Aug-2022 14:57:45 UTC] PHP Stack trace:
[24-Aug-2022 14:57:45 UTC] PHP   1. {main}() /home/mouhamedsonko/Local Sites/demo-wordpress/app/public/wp-admin/themes.php:0
[24-Aug-2022 14:57:45 UTC] PHP   2. require_once() /home/mouhamedsonko/Local Sites/demo-wordpress/app/public/wp-admin/themes.php:10
[24-Aug-2022 14:57:45 UTC] PHP   3. do_action($hook_name = 'appearance_page_install-required-plugins') /home/mouhamedsonko/Local Sites/demo-wordpress/app/public/wp-admin/admin.php:259
[24-Aug-2022 14:57:45 UTC] PHP   4. WP_Hook->do_action($args = [0 => '']) /home/mouhamedsonko/Local Sites/demo-wordpress/app/public/wp-includes/plugin.php:476
[24-Aug-2022 14:57:45 UTC] PHP   5. WP_Hook->apply_filters($value = '', $args = [0 => '']) /home/mouhamedsonko/Local Sites/demo-wordpress/app/public/wp-includes/class-wp-hook.php:331
[24-Aug-2022 14:57:45 UTC] PHP   6. TGM_Plugin_Activation->install_plugins_page('') /home/mouhamedsonko/Local Sites/demo-wordpress/app/public/wp-includes/class-wp-hook.php:307
[24-Aug-2022 14:57:45 UTC] PHP   7. TGMPA_List_Table->process_bulk_actions() /home/mouhamedsonko/Local Sites/demo-wordpress/app/public/wp-content/themes/teta-lite/lib/includes/class-tgm-plugin-activation.php:748
[24-Aug-2022 14:57:45 UTC] PHP   8. TGMPA_Bulk_Installer->bulk_install($plugins = [0 => 'https://downloads.wordpress.org/plugin/redux-framework.4.3.17.zip'], $args = *uninitialized*) /home/mouhamedsonko/Local Sites/demo-wordpress/app/public/wp-content/themes/teta-lite/lib/includes/class-tgm-plugin-activation.php:3005
[24-Aug-2022 14:57:45 UTC] PHP   9. TGMPA_Bulk_Installer->run($options = ['package' => 'https://downloads.wordpress.org/plugin/redux-framework.4.3.17.zip', 'destination' => '/home/mouhamedsonko/Local Sites/demo-wordpress/app/public/wp-content/plugins', 'clear_destination' => FALSE, 'clear_working' => TRUE, 'is_multi' => TRUE, 'hook_extra' => ['plugin' => 'https://downloads.wordpress.org/plugin/redux-framework.4.3.17.zip']]) /home/mouhamedsonko/Local Sites/demo-wordpress/app/public/wp-content/themes/teta-lite/lib/includes/class-tgm-plugin-activation.php:3399
[24-Aug-2022 14:57:45 UTC] PHP  10. TGMPA_Bulk_Installer->run($options = ['package' => 'https://downloads.wordpress.org/plugin/redux-framework.4.3.17.zip', 'destination' => '/home/mouhamedsonko/Local Sites/demo-wordpress/app/public/wp-content/plugins', 'clear_destination' => FALSE, 'clear_working' => TRUE, 'is_multi' => TRUE, 'hook_extra' => ['plugin' => 'https://downloads.wordpress.org/plugin/redux-framework.4.3.17.zip']]) /home/mouhamedsonko/Local Sites/demo-wordpress/app/public/wp-content/themes/teta-lite/lib/includes/class-tgm-plugin-activation.php:3286
[24-Aug-2022 14:57:45 UTC] PHP  11. TGMPA_Bulk_Installer_Skin->after($title = *uninitialized*) /home/mouhamedsonko/Local Sites/demo-wordpress/app/public/wp-admin/includes/class-wp-upgrader.php:824
[24-Aug-2022 14:57:45 UTC] PHP  12. TGMPA_Bulk_Installer_Skin->after($title = 'Redux Framework') /home/mouhamedsonko/Local Sites/demo-wordpress/app/public/wp-content/themes/teta-lite/lib/includes/class-tgm-plugin-activation.php:3670
[24-Aug-2022 14:57:45 UTC] PHP  13. sprintf($format = '%1$s installed successfully. <a href="#" class="hide-if-no-js" onclick="%2$s"><span>Show Details</span><span class="hidden">Hide Details</span>.</a>', ...$args = variadic()) /home/mouhamedsonko/Local Sites/demo-wordpress/app/public/wp-admin/includes/class-bulk-upgrader-skin.php:156
[24-Aug-2022 14:57:58 UTC] PHP Warning:  sprintf(): Too few arguments in /home/mouhamedsonko/Local Sites/demo-wordpress/app/public/wp-admin/includes/class-bulk-upgrader-skin.php on line 156
[24-Aug-2022 14:57:58 UTC] PHP Stack trace:
[24-Aug-2022 14:57:58 UTC] PHP   1. {main}() /home/mouhamedsonko/Local Sites/demo-wordpress/app/public/wp-admin/themes.php:0
[24-Aug-2022 14:57:58 UTC] PHP   2. require_once() /home/mouhamedsonko/Local Sites/demo-wordpress/app/public/wp-admin/themes.php:10
[24-Aug-2022 14:57:58 UTC] PHP   3. do_action($hook_name = 'appearance_page_install-required-plugins') /home/mouhamedsonko/Local Sites/demo-wordpress/app/public/wp-admin/admin.php:259
[24-Aug-2022 14:57:58 UTC] PHP   4. WP_Hook->do_action($args = [0 => '']) /home/mouhamedsonko/Local Sites/demo-wordpress/app/public/wp-includes/plugin.php:476
[24-Aug-2022 14:57:58 UTC] PHP   5. WP_Hook->apply_filters($value = '', $args = [0 => '']) /home/mouhamedsonko/Local Sites/demo-wordpress/app/public/wp-includes/class-wp-hook.php:331
[24-Aug-2022 14:57:58 UTC] PHP   6. TGM_Plugin_Activation->install_plugins_page('') /home/mouhamedsonko/Local Sites/demo-wordpress/app/public/wp-includes/class-wp-hook.php:307
[24-Aug-2022 14:57:58 UTC] PHP   7. TGMPA_List_Table->process_bulk_actions() /home/mouhamedsonko/Local Sites/demo-wordpress/app/public/wp-content/themes/teta-lite/lib/includes/class-tgm-plugin-activation.php:748
[24-Aug-2022 14:57:58 UTC] PHP   8. TGMPA_Bulk_Installer->bulk_install($plugins = [0 => 'https://downloads.wordpress.org/plugin/woocommerce.6.8.2.zip'], $args = *uninitialized*) /home/mouhamedsonko/Local Sites/demo-wordpress/app/public/wp-content/themes/teta-lite/lib/includes/class-tgm-plugin-activation.php:3005
[24-Aug-2022 14:57:58 UTC] PHP   9. TGMPA_Bulk_Installer->run($options = ['package' => 'https://downloads.wordpress.org/plugin/woocommerce.6.8.2.zip', 'destination' => '/home/mouhamedsonko/Local Sites/demo-wordpress/app/public/wp-content/plugins', 'clear_destination' => FALSE, 'clear_working' => TRUE, 'is_multi' => TRUE, 'hook_extra' => ['plugin' => 'https://downloads.wordpress.org/plugin/woocommerce.6.8.2.zip']]) /home/mouhamedsonko/Local Sites/demo-wordpress/app/public/wp-content/themes/teta-lite/lib/includes/class-tgm-plugin-activation.php:3399
[24-Aug-2022 14:57:58 UTC] PHP  10. TGMPA_Bulk_Installer->run($options = ['package' => 'https://downloads.wordpress.org/plugin/woocommerce.6.8.2.zip', 'destination' => '/home/mouhamedsonko/Local Sites/demo-wordpress/app/public/wp-content/plugins', 'clear_destination' => FALSE, 'clear_working' => TRUE, 'is_multi' => TRUE, 'hook_extra' => ['plugin' => 'https://downloads.wordpress.org/plugin/woocommerce.6.8.2.zip']]) /home/mouhamedsonko/Local Sites/demo-wordpress/app/public/wp-content/themes/teta-lite/lib/includes/class-tgm-plugin-activation.php:3286
[24-Aug-2022 14:57:58 UTC] PHP  11. TGMPA_Bulk_Installer_Skin->after($title = *uninitialized*) /home/mouhamedsonko/Local Sites/demo-wordpress/app/public/wp-admin/includes/class-wp-upgrader.php:824
[24-Aug-2022 14:57:58 UTC] PHP  12. TGMPA_Bulk_Installer_Skin->after($title = 'WooCommerce') /home/mouhamedsonko/Local Sites/demo-wordpress/app/public/wp-content/themes/teta-lite/lib/includes/class-tgm-plugin-activation.php:3670
[24-Aug-2022 14:57:58 UTC] PHP  13. sprintf($format = '%1$s installed successfully. <a href="#" class="hide-if-no-js" onclick="%2$s"><span>Show Details</span><span class="hidden">Hide Details</span>.</a>', ...$args = variadic()) /home/mouhamedsonko/Local Sites/demo-wordpress/app/public/wp-admin/includes/class-bulk-upgrader-skin.php:156
[02-Sep-2022 12:47:02 UTC] PHP Warning:  Une erreur imprévue est survenue. Il pourrait y avoir un problème avec WordPress.org ou la configuration de ce serveur. Si vous continuez à rencontrer ce problème, veuillez vous rendre sur les <a href="https://wpfr.net/support">forums de support</a>. (WordPress n’a pas pu établir de connexion sécurisée vers WordPress.org. Veuillez contacter l’administrateur ou l’administratrice de votre serveur.) in /home/mouhamedsonko/Local Sites/demo-wordpress/app/public/wp-includes/update.php on line 172
[02-Sep-2022 12:47:02 UTC] PHP Stack trace:
[02-Sep-2022 12:47:02 UTC] PHP   1. {main}() /home/mouhamedsonko/Local Sites/demo-wordpress/app/public/wp-cron.php:0
[02-Sep-2022 12:47:02 UTC] PHP   2. do_action_ref_array($hook_name = 'wp_version_check', $args = []) /home/mouhamedsonko/Local Sites/demo-wordpress/app/public/wp-cron.php:138
[02-Sep-2022 12:47:02 UTC] PHP   3. WP_Hook->do_action($args = []) /home/mouhamedsonko/Local Sites/demo-wordpress/app/public/wp-includes/plugin.php:524
[02-Sep-2022 12:47:02 UTC] PHP   4. WP_Hook->apply_filters($value = '', $args = []) /home/mouhamedsonko/Local Sites/demo-wordpress/app/public/wp-includes/class-wp-hook.php:331
[02-Sep-2022 12:47:02 UTC] PHP   5. wp_version_check($extra_stats = *uninitialized*, $force_check = *uninitialized*) /home/mouhamedsonko/Local Sites/demo-wordpress/app/public/wp-includes/class-wp-hook.php:307
[02-Sep-2022 12:47:02 UTC] PHP   6. trigger_error($message = 'Une erreur imprévue est survenue. Il pourrait y avoir un problème avec WordPress.org ou la configuration de ce serveur. Si vous continuez à rencontrer ce problème, veuillez vous rendre sur les <a href="https://wpfr.net/support">forums de support</a>. (WordPress n’a pas pu établir de connexion sécurisée vers WordPress.org. Veuillez contacter l’administrateur ou l’administratrice de votre serveur.)', $error_type = 512) /home/mouhamedsonko/Local Sites/demo-wordpress/app/public/wp-includes/update.php:172
[02-Sep-2022 12:47:25 UTC] PHP Warning:  Une erreur imprévue est survenue. Il pourrait y avoir un problème avec WordPress.org ou la configuration de ce serveur. Si vous continuez à rencontrer ce problème, veuillez vous rendre sur les <a href="https://wpfr.net/support">forums de support</a>. (WordPress n’a pas pu établir de connexion sécurisée vers WordPress.org. Veuillez contacter l’administrateur ou l’administratrice de votre serveur.) in /home/mouhamedsonko/Local Sites/demo-wordpress/app/public/wp-includes/update.php on line 410
[02-Sep-2022 12:47:25 UTC] PHP Stack trace:
[02-Sep-2022 12:47:25 UTC] PHP   1. {main}() /home/mouhamedsonko/Local Sites/demo-wordpress/app/public/wp-cron.php:0
[02-Sep-2022 12:47:25 UTC] PHP   2. do_action_ref_array($hook_name = 'wp_update_plugins', $args = []) /home/mouhamedsonko/Local Sites/demo-wordpress/app/public/wp-cron.php:138
[02-Sep-2022 12:47:25 UTC] PHP   3. WP_Hook->do_action($args = []) /home/mouhamedsonko/Local Sites/demo-wordpress/app/public/wp-includes/plugin.php:524
[02-Sep-2022 12:47:25 UTC] PHP   4. WP_Hook->apply_filters($value = '', $args = []) /home/mouhamedsonko/Local Sites/demo-wordpress/app/public/wp-includes/class-wp-hook.php:331
[02-Sep-2022 12:47:25 UTC] PHP   5. wp_update_plugins($extra_stats = *uninitialized*) /home/mouhamedsonko/Local Sites/demo-wordpress/app/public/wp-includes/class-wp-hook.php:307
[02-Sep-2022 12:47:25 UTC] PHP   6. trigger_error($message = 'Une erreur imprévue est survenue. Il pourrait y avoir un problème avec WordPress.org ou la configuration de ce serveur. Si vous continuez à rencontrer ce problème, veuillez vous rendre sur les <a href="https://wpfr.net/support">forums de support</a>. (WordPress n’a pas pu établir de connexion sécurisée vers WordPress.org. Veuillez contacter l’administrateur ou l’administratrice de votre serveur.)', $error_type = 512) /home/mouhamedsonko/Local Sites/demo-wordpress/app/public/wp-includes/update.php:410
[02-Sep-2022 12:47:42 UTC] PHP Warning:  Une erreur imprévue est survenue. Il pourrait y avoir un problème avec WordPress.org ou la configuration de ce serveur. Si vous continuez à rencontrer ce problème, veuillez vous rendre sur les <a href="https://wpfr.net/support">forums de support</a>. (WordPress n’a pas pu établir de connexion sécurisée vers WordPress.org. Veuillez contacter l’administrateur ou l’administratrice de votre serveur.) in /home/mouhamedsonko/Local Sites/demo-wordpress/app/public/wp-includes/update.php on line 690
[02-Sep-2022 12:47:42 UTC] PHP Stack trace:
[02-Sep-2022 12:47:42 UTC] PHP   1. {main}() /home/mouhamedsonko/Local Sites/demo-wordpress/app/public/wp-cron.php:0
[02-Sep-2022 12:47:42 UTC] PHP   2. do_action_ref_array($hook_name = 'wp_update_themes', $args = []) /home/mouhamedsonko/Local Sites/demo-wordpress/app/public/wp-cron.php:138
[02-Sep-2022 12:47:42 UTC] PHP   3. WP_Hook->do_action($args = []) /home/mouhamedsonko/Local Sites/demo-wordpress/app/public/wp-includes/plugin.php:524
[02-Sep-2022 12:47:42 UTC] PHP   4. WP_Hook->apply_filters($value = '', $args = []) /home/mouhamedsonko/Local Sites/demo-wordpress/app/public/wp-includes/class-wp-hook.php:331
[02-Sep-2022 12:47:42 UTC] PHP   5. wp_update_themes($extra_stats = *uninitialized*) /home/mouhamedsonko/Local Sites/demo-wordpress/app/public/wp-includes/class-wp-hook.php:307
[02-Sep-2022 12:47:42 UTC] PHP   6. trigger_error($message = 'Une erreur imprévue est survenue. Il pourrait y avoir un problème avec WordPress.org ou la configuration de ce serveur. Si vous continuez à rencontrer ce problème, veuillez vous rendre sur les <a href="https://wpfr.net/support">forums de support</a>. (WordPress n’a pas pu établir de connexion sécurisée vers WordPress.org. Veuillez contacter l’administrateur ou l’administratrice de votre serveur.)', $error_type = 512) /home/mouhamedsonko/Local Sites/demo-wordpress/app/public/wp-includes/update.php:690
[07-Sep-2022 16:22:06 UTC] PHP Warning:  Une erreur imprévue est survenue. Il pourrait y avoir un problème avec WordPress.org ou la configuration de ce serveur. Si vous continuez à rencontrer ce problème, veuillez vous rendre sur les <a href="https://wpfr.net/support">forums de support</a>. (WordPress n’a pas pu établir de connexion sécurisée vers WordPress.org. Veuillez contacter l’administrateur ou l’administratrice de votre serveur.) in /home/mouhamedsonko/Local Sites/demo-wordpress/app/public/wp-includes/update.php on line 410
[07-Sep-2022 16:22:06 UTC] PHP Stack trace:
[07-Sep-2022 16:22:06 UTC] PHP   1. {main}() /home/mouhamedsonko/Local Sites/demo-wordpress/app/public/wp-cron.php:0
[07-Sep-2022 16:22:06 UTC] PHP   2. do_action_ref_array($hook_name = 'wp_version_check', $args = []) /home/mouhamedsonko/Local Sites/demo-wordpress/app/public/wp-cron.php:138
[07-Sep-2022 16:22:06 UTC] PHP   3. WP_Hook->do_action($args = []) /home/mouhamedsonko/Local Sites/demo-wordpress/app/public/wp-includes/plugin.php:524
[07-Sep-2022 16:22:06 UTC] PHP   4. WP_Hook->apply_filters($value = '', $args = []) /home/mouhamedsonko/Local Sites/demo-wordpress/app/public/wp-includes/class-wp-hook.php:331
[07-Sep-2022 16:22:06 UTC] PHP   5. wp_version_check($extra_stats = *uninitialized*, $force_check = *uninitialized*) /home/mouhamedsonko/Local Sites/demo-wordpress/app/public/wp-includes/class-wp-hook.php:307
[07-Sep-2022 16:22:06 UTC] PHP   6. do_action($hook_name = 'wp_maybe_auto_update') /home/mouhamedsonko/Local Sites/demo-wordpress/app/public/wp-includes/update.php:253
[07-Sep-2022 16:22:06 UTC] PHP   7. WP_Hook->do_action($args = [0 => '']) /home/mouhamedsonko/Local Sites/demo-wordpress/app/public/wp-includes/plugin.php:476
[07-Sep-2022 16:22:06 UTC] PHP   8. WP_Hook->apply_filters($value = '', $args = [0 => '']) /home/mouhamedsonko/Local Sites/demo-wordpress/app/public/wp-includes/class-wp-hook.php:331
[07-Sep-2022 16:22:06 UTC] PHP   9. wp_maybe_auto_update('') /home/mouhamedsonko/Local Sites/demo-wordpress/app/public/wp-includes/class-wp-hook.php:307
[07-Sep-2022 16:22:06 UTC] PHP  10. WP_Automatic_Updater->run() /home/mouhamedsonko/Local Sites/demo-wordpress/app/public/wp-includes/update.php:726
[07-Sep-2022 16:22:06 UTC] PHP  11. wp_update_plugins($extra_stats = *uninitialized*) /home/mouhamedsonko/Local Sites/demo-wordpress/app/public/wp-admin/includes/class-wp-automatic-updater.php:466
[07-Sep-2022 16:22:06 UTC] PHP  12. trigger_error($message = 'Une erreur imprévue est survenue. Il pourrait y avoir un problème avec WordPress.org ou la configuration de ce serveur. Si vous continuez à rencontrer ce problème, veuillez vous rendre sur les <a href="https://wpfr.net/support">forums de support</a>. (WordPress n’a pas pu établir de connexion sécurisée vers WordPress.org. Veuillez contacter l’administrateur ou l’administratrice de votre serveur.)', $error_type = 512) /home/mouhamedsonko/Local Sites/demo-wordpress/app/public/wp-includes/update.php:410
[08-Sep-2022 11:13:05 UTC] Erreur de la base de données WordPress : Table 'local.wp_wpmailsmtp_tasks_meta' doesn't exist pour la requête SHOW FULL COLUMNS FROM `wp_wpmailsmtp_tasks_meta` faite par require_once('wp-load.php'), require_once('wp-config.php'), require_once('wp-settings.php'), do_action('init'), WP_Hook->do_action, WP_Hook->apply_filters, WPMailSMTP\Core->get_tasks, WPMailSMTP\Tasks\Tasks->init, WPMailSMTP\Tasks\Reports\SummaryEmailTask->init, WPMailSMTP\Tasks\Task->register, WPMailSMTP\Tasks\Meta->add, WPMailSMTP\Tasks\Meta->add_to_db
[08-Sep-2022 11:13:10 UTC] Erreur de la base de données WordPress : Table 'local.wp_wpmailsmtp_tasks_meta' doesn't exist pour la requête SHOW FULL COLUMNS FROM `wp_wpmailsmtp_tasks_meta` faite par require_once('wp-load.php'), require_once('wp-config.php'), require_once('wp-settings.php'), do_action('init'), WP_Hook->do_action, WP_Hook->apply_filters, WPMailSMTP\Core->get_tasks, WPMailSMTP\Tasks\Tasks->init, WPMailSMTP\Tasks\Reports\SummaryEmailTask->init, WPMailSMTP\Tasks\Task->register, WPMailSMTP\Tasks\Meta->add, WPMailSMTP\Tasks\Meta->add_to_db
[08-Sep-2022 11:13:10 UTC] Erreur de la base de données WordPress : Table 'local.wp_wpmailsmtp_tasks_meta' doesn't exist pour la requête SHOW FULL COLUMNS FROM `wp_wpmailsmtp_tasks_meta` faite par require_once('wp-load.php'), require_once('wp-config.php'), require_once('wp-settings.php'), do_action('init'), WP_Hook->do_action, WP_Hook->apply_filters, WPMailSMTP\Core->get_tasks, WPMailSMTP\Tasks\Tasks->init, WPMailSMTP\Tasks\Reports\SummaryEmailTask->init, WPMailSMTP\Tasks\Task->register, WPMailSMTP\Tasks\Meta->add, WPMailSMTP\Tasks\Meta->add_to_db
[08-Sep-2022 15:44:09 UTC] PHP Warning:  call_user_func_array() expects parameter 1 to be a valid callback, function 'wp_print_media_templates' not found or invalid function name in /home/mouhamedsonko/Local Sites/demo-wordpress/app/public/wp-includes/class-wp-hook.php on line 307
[08-Sep-2022 15:44:09 UTC] PHP Stack trace:
[08-Sep-2022 15:44:09 UTC] PHP   1. {main}() /home/mouhamedsonko/Local Sites/demo-wordpress/app/public/wp-admin/index.php:0
[08-Sep-2022 15:44:09 UTC] PHP   2. require_once() /home/mouhamedsonko/Local Sites/demo-wordpress/app/public/wp-admin/index.php:10
[08-Sep-2022 15:44:09 UTC] PHP   3. do_action($hook_name = 'admin_init') /home/mouhamedsonko/Local Sites/demo-wordpress/app/public/wp-admin/admin.php:175
[08-Sep-2022 15:44:09 UTC] PHP   4. WP_Hook->do_action($args = [0 => '']) /home/mouhamedsonko/Local Sites/demo-wordpress/app/public/wp-includes/plugin.php:476
[08-Sep-2022 15:44:09 UTC] PHP   5. WP_Hook->apply_filters($value = '', $args = [0 => '']) /home/mouhamedsonko/Local Sites/demo-wordpress/app/public/wp-includes/class-wp-hook.php:331
[08-Sep-2022 15:44:09 UTC] PHP   6. UR_Admin_Welcome::welcome_page('') /home/mouhamedsonko/Local Sites/demo-wordpress/app/public/wp-includes/class-wp-hook.php:307
[08-Sep-2022 15:44:09 UTC] PHP   7. UR_Admin_Welcome::setup_wizard_footer() /home/mouhamedsonko/Local Sites/demo-wordpress/app/public/wp-content/plugins/user-registration/includes/admin/class-ur-admin-welcome.php:78
[08-Sep-2022 15:44:09 UTC] PHP   8. wp_print_footer_scripts() /home/mouhamedsonko/Local Sites/demo-wordpress/app/public/wp-content/plugins/user-registration/includes/admin/class-ur-admin-welcome.php:208
[08-Sep-2022 15:44:09 UTC] PHP   9. do_action($hook_name = 'wp_print_footer_scripts') /home/mouhamedsonko/Local Sites/demo-wordpress/app/public/wp-includes/script-loader.php:2139
[08-Sep-2022 15:44:09 UTC] PHP  10. WP_Hook->do_action($args = [0 => '']) /home/mouhamedsonko/Local Sites/demo-wordpress/app/public/wp-includes/plugin.php:476
[08-Sep-2022 15:44:09 UTC] PHP  11. WP_Hook->apply_filters($value = '', $args = [0 => '']) /home/mouhamedsonko/Local Sites/demo-wordpress/app/public/wp-includes/class-wp-hook.php:331
[08-Sep-2022 15:44:26 UTC] PHP Warning:  call_user_func_array() expects parameter 1 to be a valid callback, function 'wp_print_media_templates' not found or invalid function name in /home/mouhamedsonko/Local Sites/demo-wordpress/app/public/wp-includes/class-wp-hook.php on line 307
[08-Sep-2022 15:44:26 UTC] PHP Stack trace:
[08-Sep-2022 15:44:26 UTC] PHP   1. {main}() /home/mouhamedsonko/Local Sites/demo-wordpress/app/public/wp-admin/admin.php:0
[08-Sep-2022 15:44:26 UTC] PHP   2. do_action($hook_name = 'admin_init') /home/mouhamedsonko/Local Sites/demo-wordpress/app/public/wp-admin/admin.php:175
[08-Sep-2022 15:44:26 UTC] PHP   3. WP_Hook->do_action($args = [0 => '']) /home/mouhamedsonko/Local Sites/demo-wordpress/app/public/wp-includes/plugin.php:476
[08-Sep-2022 15:44:26 UTC] PHP   4. WP_Hook->apply_filters($value = '', $args = [0 => '']) /home/mouhamedsonko/Local Sites/demo-wordpress/app/public/wp-includes/class-wp-hook.php:331
[08-Sep-2022 15:44:26 UTC] PHP   5. UR_Admin_Welcome::welcome_page('') /home/mouhamedsonko/Local Sites/demo-wordpress/app/public/wp-includes/class-wp-hook.php:307
[08-Sep-2022 15:44:26 UTC] PHP   6. UR_Admin_Welcome::setup_wizard_footer() /home/mouhamedsonko/Local Sites/demo-wordpress/app/public/wp-content/plugins/user-registration/includes/admin/class-ur-admin-welcome.php:78
[08-Sep-2022 15:44:26 UTC] PHP   7. wp_print_footer_scripts() /home/mouhamedsonko/Local Sites/demo-wordpress/app/public/wp-content/plugins/user-registration/includes/admin/class-ur-admin-welcome.php:208
[08-Sep-2022 15:44:26 UTC] PHP   8. do_action($hook_name = 'wp_print_footer_scripts') /home/mouhamedsonko/Local Sites/demo-wordpress/app/public/wp-includes/script-loader.php:2139
[08-Sep-2022 15:44:26 UTC] PHP   9. WP_Hook->do_action($args = [0 => '']) /home/mouhamedsonko/Local Sites/demo-wordpress/app/public/wp-includes/plugin.php:476
[08-Sep-2022 15:44:26 UTC] PHP  10. WP_Hook->apply_filters($value = '', $args = [0 => '']) /home/mouhamedsonko/Local Sites/demo-wordpress/app/public/wp-includes/class-wp-hook.php:331
[10-Sep-2022 15:00:49 UTC] PHP Warning:  Une erreur imprévue est survenue. Il pourrait y avoir un problème avec WordPress.org ou la configuration de ce serveur. Si vous continuez à rencontrer ce problème, veuillez vous rendre sur les <a href="https://wpfr.net/support">forums de support</a>. (WordPress n’a pas pu établir de connexion sécurisée vers WordPress.org. Veuillez contacter l’administrateur ou l’administratrice de votre serveur.) in /home/mouhamedsonko/Local Sites/demo-wordpress/app/public/wp-includes/update.php on line 172
[10-Sep-2022 15:00:49 UTC] PHP Stack trace:
[10-Sep-2022 15:00:49 UTC] PHP   1. {main}() /home/mouhamedsonko/Local Sites/demo-wordpress/app/public/wp-cron.php:0
[10-Sep-2022 15:00:49 UTC] PHP   2. do_action_ref_array($hook_name = 'wp_version_check', $args = []) /home/mouhamedsonko/Local Sites/demo-wordpress/app/public/wp-cron.php:138
[10-Sep-2022 15:00:49 UTC] PHP   3. WP_Hook->do_action($args = []) /home/mouhamedsonko/Local Sites/demo-wordpress/app/public/wp-includes/plugin.php:524
[10-Sep-2022 15:00:49 UTC] PHP   4. WP_Hook->apply_filters($value = '', $args = []) /home/mouhamedsonko/Local Sites/demo-wordpress/app/public/wp-includes/class-wp-hook.php:331
[10-Sep-2022 15:00:49 UTC] PHP   5. wp_version_check($extra_stats = *uninitialized*, $force_check = *uninitialized*) /home/mouhamedsonko/Local Sites/demo-wordpress/app/public/wp-includes/class-wp-hook.php:307
[10-Sep-2022 15:00:49 UTC] PHP   6. trigger_error($message = 'Une erreur imprévue est survenue. Il pourrait y avoir un problème avec WordPress.org ou la configuration de ce serveur. Si vous continuez à rencontrer ce problème, veuillez vous rendre sur les <a href="https://wpfr.net/support">forums de support</a>. (WordPress n’a pas pu établir de connexion sécurisée vers WordPress.org. Veuillez contacter l’administrateur ou l’administratrice de votre serveur.)', $error_type = 512) /home/mouhamedsonko/Local Sites/demo-wordpress/app/public/wp-includes/update.php:172
[10-Sep-2022 15:01:12 UTC] PHP Warning:  Une erreur imprévue est survenue. Il pourrait y avoir un problème avec WordPress.org ou la configuration de ce serveur. Si vous continuez à rencontrer ce problème, veuillez vous rendre sur les <a href="https://wpfr.net/support">forums de support</a>. (WordPress n’a pas pu établir de connexion sécurisée vers WordPress.org. Veuillez contacter l’administrateur ou l’administratrice de votre serveur.) in /home/mouhamedsonko/Local Sites/demo-wordpress/app/public/wp-includes/update.php on line 410
[10-Sep-2022 15:01:12 UTC] PHP Stack trace:
[10-Sep-2022 15:01:12 UTC] PHP   1. {main}() /home/mouhamedsonko/Local Sites/demo-wordpress/app/public/wp-cron.php:0
[10-Sep-2022 15:01:12 UTC] PHP   2. do_action_ref_array($hook_name = 'wp_update_plugins', $args = []) /home/mouhamedsonko/Local Sites/demo-wordpress/app/public/wp-cron.php:138
[10-Sep-2022 15:01:12 UTC] PHP   3. WP_Hook->do_action($args = []) /home/mouhamedsonko/Local Sites/demo-wordpress/app/public/wp-includes/plugin.php:524
[10-Sep-2022 15:01:12 UTC] PHP   4. WP_Hook->apply_filters($value = '', $args = []) /home/mouhamedsonko/Local Sites/demo-wordpress/app/public/wp-includes/class-wp-hook.php:331
[10-Sep-2022 15:01:12 UTC] PHP   5. wp_update_plugins($extra_stats = *uninitialized*) /home/mouhamedsonko/Local Sites/demo-wordpress/app/public/wp-includes/class-wp-hook.php:307
[10-Sep-2022 15:01:12 UTC] PHP   6. trigger_error($message = 'Une erreur imprévue est survenue. Il pourrait y avoir un problème avec WordPress.org ou la configuration de ce serveur. Si vous continuez à rencontrer ce problème, veuillez vous rendre sur les <a href="https://wpfr.net/support">forums de support</a>. (WordPress n’a pas pu établir de connexion sécurisée vers WordPress.org. Veuillez contacter l’administrateur ou l’administratrice de votre serveur.)', $error_type = 512) /home/mouhamedsonko/Local Sites/demo-wordpress/app/public/wp-includes/update.php:410
[10-Sep-2022 15:01:33 UTC] PHP Warning:  Une erreur imprévue est survenue. Il pourrait y avoir un problème avec WordPress.org ou la configuration de ce serveur. Si vous continuez à rencontrer ce problème, veuillez vous rendre sur les <a href="https://wpfr.net/support">forums de support</a>. (WordPress n’a pas pu établir de connexion sécurisée vers WordPress.org. Veuillez contacter l’administrateur ou l’administratrice de votre serveur.) in /home/mouhamedsonko/Local Sites/demo-wordpress/app/public/wp-includes/update.php on line 690
[10-Sep-2022 15:01:33 UTC] PHP Stack trace:
[10-Sep-2022 15:01:33 UTC] PHP   1. {main}() /home/mouhamedsonko/Local Sites/demo-wordpress/app/public/wp-cron.php:0
[10-Sep-2022 15:01:33 UTC] PHP   2. do_action_ref_array($hook_name = 'wp_update_themes', $args = []) /home/mouhamedsonko/Local Sites/demo-wordpress/app/public/wp-cron.php:138
[10-Sep-2022 15:01:33 UTC] PHP   3. WP_Hook->do_action($args = []) /home/mouhamedsonko/Local Sites/demo-wordpress/app/public/wp-includes/plugin.php:524
[10-Sep-2022 15:01:33 UTC] PHP   4. WP_Hook->apply_filters($value = '', $args = []) /home/mouhamedsonko/Local Sites/demo-wordpress/app/public/wp-includes/class-wp-hook.php:331
[10-Sep-2022 15:01:33 UTC] PHP   5. wp_update_themes($extra_stats = *uninitialized*) /home/mouhamedsonko/Local Sites/demo-wordpress/app/public/wp-includes/class-wp-hook.php:307
[10-Sep-2022 15:01:33 UTC] PHP   6. trigger_error($message = 'Une erreur imprévue est survenue. Il pourrait y avoir un problème avec WordPress.org ou la configuration de ce serveur. Si vous continuez à rencontrer ce problème, veuillez vous rendre sur les <a href="https://wpfr.net/support">forums de support</a>. (WordPress n’a pas pu établir de connexion sécurisée vers WordPress.org. Veuillez contacter l’administrateur ou l’administratrice de votre serveur.)', $error_type = 512) /home/mouhamedsonko/Local Sites/demo-wordpress/app/public/wp-includes/update.php:690
[14-Sep-2022 10:54:52 UTC] PHP Warning:  Une erreur imprévue est survenue. Il pourrait y avoir un problème avec WordPress.org ou la configuration de ce serveur. Si vous continuez à rencontrer ce problème, veuillez vous rendre sur les <a href="https://wpfr.net/support">forums de support</a>. (WordPress n’a pas pu établir de connexion sécurisée vers WordPress.org. Veuillez contacter l’administrateur ou l’administratrice de votre serveur.) in /home/mouhamedsonko/Local Sites/demo-wordpress/app/public/wp-includes/update.php on line 172
[14-Sep-2022 10:54:52 UTC] PHP Stack trace:
[14-Sep-2022 10:54:52 UTC] PHP   1. {main}() /home/mouhamedsonko/Local Sites/demo-wordpress/app/public/wp-cron.php:0
[14-Sep-2022 10:54:52 UTC] PHP   2. do_action_ref_array($hook_name = 'wp_version_check', $args = []) /home/mouhamedsonko/Local Sites/demo-wordpress/app/public/wp-cron.php:138
[14-Sep-2022 10:54:52 UTC] PHP   3. WP_Hook->do_action($args = []) /home/mouhamedsonko/Local Sites/demo-wordpress/app/public/wp-includes/plugin.php:524
[14-Sep-2022 10:54:52 UTC] PHP   4. WP_Hook->apply_filters($value = '', $args = []) /home/mouhamedsonko/Local Sites/demo-wordpress/app/public/wp-includes/class-wp-hook.php:331
[14-Sep-2022 10:54:52 UTC] PHP   5. wp_version_check($extra_stats = *uninitialized*, $force_check = *uninitialized*) /home/mouhamedsonko/Local Sites/demo-wordpress/app/public/wp-includes/class-wp-hook.php:307
[14-Sep-2022 10:54:52 UTC] PHP   6. trigger_error($message = 'Une erreur imprévue est survenue. Il pourrait y avoir un problème avec WordPress.org ou la configuration de ce serveur. Si vous continuez à rencontrer ce problème, veuillez vous rendre sur les <a href="https://wpfr.net/support">forums de support</a>. (WordPress n’a pas pu établir de connexion sécurisée vers WordPress.org. Veuillez contacter l’administrateur ou l’administratrice de votre serveur.)', $error_type = 512) /home/mouhamedsonko/Local Sites/demo-wordpress/app/public/wp-includes/update.php:172
[14-Sep-2022 10:55:14 UTC] PHP Warning:  Une erreur imprévue est survenue. Il pourrait y avoir un problème avec WordPress.org ou la configuration de ce serveur. Si vous continuez à rencontrer ce problème, veuillez vous rendre sur les <a href="https://wpfr.net/support">forums de support</a>. (WordPress n’a pas pu établir de connexion sécurisée vers WordPress.org. Veuillez contacter l’administrateur ou l’administratrice de votre serveur.) in /home/mouhamedsonko/Local Sites/demo-wordpress/app/public/wp-includes/update.php on line 690
[14-Sep-2022 10:55:14 UTC] PHP Stack trace:
[14-Sep-2022 10:55:14 UTC] PHP   1. {main}() /home/mouhamedsonko/Local Sites/demo-wordpress/app/public/wp-cron.php:0
[14-Sep-2022 10:55:14 UTC] PHP   2. do_action_ref_array($hook_name = 'wp_update_themes', $args = []) /home/mouhamedsonko/Local Sites/demo-wordpress/app/public/wp-cron.php:138
[14-Sep-2022 10:55:14 UTC] PHP   3. WP_Hook->do_action($args = []) /home/mouhamedsonko/Local Sites/demo-wordpress/app/public/wp-includes/plugin.php:524
[14-Sep-2022 10:55:14 UTC] PHP   4. WP_Hook->apply_filters($value = '', $args = []) /home/mouhamedsonko/Local Sites/demo-wordpress/app/public/wp-includes/class-wp-hook.php:331
[14-Sep-2022 10:55:14 UTC] PHP   5. wp_update_themes($extra_stats = *uninitialized*) /home/mouhamedsonko/Local Sites/demo-wordpress/app/public/wp-includes/class-wp-hook.php:307
[14-Sep-2022 10:55:14 UTC] PHP   6. trigger_error($message = 'Une erreur imprévue est survenue. Il pourrait y avoir un problème avec WordPress.org ou la configuration de ce serveur. Si vous continuez à rencontrer ce problème, veuillez vous rendre sur les <a href="https://wpfr.net/support">forums de support</a>. (WordPress n’a pas pu établir de connexion sécurisée vers WordPress.org. Veuillez contacter l’administrateur ou l’administratrice de votre serveur.)', $error_type = 512) /home/mouhamedsonko/Local Sites/demo-wordpress/app/public/wp-includes/update.php:690
